<?xml version="1.0" encoding="UTF-8"?>
<robot generator="Robot 5.0.1 (Python 3.10.10 on darwin)" generated="20230617 10:09:12.087" rpa="false" schemaversion="3">
<suite id="s1" name="Testsuites" source="/Users/beverlyellainesanoy/heaven-knows/testsuites">
<suite id="s1-s1" name="Ebay" source="/Users/beverlyellainesanoy/heaven-knows/testsuites/ebay">
<suite id="s1-s1-s1" name="Ebay Search" source="/Users/beverlyellainesanoy/heaven-knows/testsuites/ebay/ebay_search.robot">
<test id="s1-s1-s1-t1" name="TestCase1" line="16">
<kw name="Access Ebay Via Browser">
<kw name="Open Browser" library="SeleniumLibrary">
<arg>${ebay_app}</arg>
<arg>chrome</arg>
<doc>Opens a new browser instance to the optional ``url``.</doc>
<msg timestamp="20230617 10:09:12.156" level="INFO">Opening browser 'chrome' to base url 'https://www.ebay.com/'.</msg>
<status status="PASS" starttime="20230617 10:09:12.156" endtime="20230617 10:09:20.217"/>
</kw>
<status status="PASS" starttime="20230617 10:09:12.156" endtime="20230617 10:09:20.217"/>
</kw>
<kw name="Search Mobile">
<kw name="Wait Until Element Is Visible" library="SeleniumLibrary">
<arg>${ebay_search_field}</arg>
<doc>Waits until the element ``locator`` is visible.</doc>
<status status="PASS" starttime="20230617 10:09:20.218" endtime="20230617 10:09:23.307"/>
</kw>
<kw name="Input Text" library="SeleniumLibrary">
<arg>${ebay_search_field}</arg>
<arg>mobile</arg>
<doc>Types the given ``text`` into the text field identified by ``locator``.</doc>
<msg timestamp="20230617 10:09:23.307" level="INFO">Typing text 'mobile' into text field 'xpath=//input[@id='gh-ac']'.</msg>
<status status="PASS" starttime="20230617 10:09:23.307" endtime="20230617 10:09:27.444"/>
</kw>
<status status="PASS" starttime="20230617 10:09:20.217" endtime="20230617 10:09:27.444"/>
</kw>
<kw name="Click Search Button">
<kw name="Click Element" library="SeleniumLibrary">
<arg>${ebay_search_button}</arg>
<doc>Click the element identified by ``locator``.</doc>
<msg timestamp="20230617 10:09:27.444" level="INFO">Clicking element 'xpath=//input[@id='gh-btn']'.</msg>
<status status="PASS" starttime="20230617 10:09:27.444" endtime="20230617 10:09:39.121"/>
</kw>
<status status="PASS" starttime="20230617 10:09:27.444" endtime="20230617 10:09:39.121"/>
</kw>
<kw name="Page Will Show Mobile Results">
<kw name="Wait Until Page Contains" library="SeleniumLibrary">
<arg>results for mobile</arg>
<doc>Waits until ``text`` appears on the current page.</doc>
<status status="PASS" starttime="20230617 10:09:39.121" endtime="20230617 10:09:39.194"/>
</kw>
<status status="PASS" starttime="20230617 10:09:39.121" endtime="20230617 10:09:39.194"/>
</kw>
<kw name="Close Browser" library="SeleniumLibrary" type="TEARDOWN">
<doc>Closes the current browser.</doc>
<status status="PASS" starttime="20230617 10:09:39.194" endtime="20230617 10:09:39.280"/>
</kw>
<tag>ebay-search</tag>
<status status="PASS" starttime="20230617 10:09:12.155" endtime="20230617 10:09:39.280"/>
</test>
<doc>This is to search something in Ebay</doc>
<status status="PASS" starttime="20230617 10:09:12.095" endtime="20230617 10:09:39.280"/>
</suite>
<status status="PASS" starttime="20230617 10:09:12.095" endtime="20230617 10:09:39.281"/>
</suite>
<status status="PASS" starttime="20230617 10:09:12.088" endtime="20230617 10:09:39.281"/>
</suite>
<statistics>
<total>
<stat pass="1" fail="0" skip="0">All Tests</stat>
</total>
<tag>
<stat pass="1" fail="0" skip="0">ebay-search</stat>
</tag>
<suite>
<stat pass="1" fail="0" skip="0" id="s1" name="Testsuites">Testsuites</stat>
<stat pass="1" fail="0" skip="0" id="s1-s1" name="Ebay">Testsuites.Ebay</stat>
<stat pass="1" fail="0" skip="0" id="s1-s1-s1" name="Ebay Search">Testsuites.Ebay.Ebay Search</stat>
</suite>
</statistics>
<errors>
</errors>
</robot>
